<?xml version="1.0" encoding="UTF-8"?>
<!-- Generated by org.testng.reporters.JUnitReportReporter -->
<testsuite hostname="DESKTOP-DN982F0" failures="0" tests="1" name="SimpleTest" time="2.831" errors="0" timestamp="09 May 2018 18:03:07 GMT" skipped="0">
  <testcase classname="SimpleTest" name="search" time="2.831"/>
</testsuite> <!-- SimpleTest -->
