<?xml version="1.0" encoding="UTF-8"?>
<!-- Generated by org.testng.reporters.JUnitReportReporter -->
<testsuite hostname="DESKTOP-DN982F0" failures="0" tests="1" name="SimpleTest" time="3.383" errors="0" timestamp="10 May 2018 06:11:08 GMT" skipped="0">
  <testcase classname="SimpleTest" name="search" time="3.383"/>
</testsuite> <!-- SimpleTest -->
